<?xml version="1.0" encoding="UTF-8"?>
<testsuite xmlns:xsi="http://www.w3.org/2001/XMLSchema-instance" xsi:noNamespaceSchemaLocation="https://maven.apache.org/surefire/maven-surefire-plugin/xsd/surefire-test-report.xsd" name="TestSuite" time="304.703" tests="10" errors="0" skipped="0" failures="0">
  <properties>
    <property name="java.specification.version" value="16"/>
    <property name="sun.cpu.isalist" value="amd64"/>
    <property name="sun.jnu.encoding" value="Cp1252"/>
    <property name="java.class.path" value="C:\Users\SHYAM CA\.p2\pool\plugins\org.eclipse.m2e.maven.runtime_1.18.0.20210618-2246\jars\plexus-classworlds-2.6.0.jar"/>
    <property name="java.vm.vendor" value="Oracle Corporation"/>
    <property name="sun.arch.data.model" value="64"/>
    <property name="user.variant" value=""/>
    <property name="java.vendor.url" value="https://java.oracle.com/"/>
    <property name="user.timezone" value="Asia/Calcutta"/>
    <property name="java.vm.specification.version" value="16"/>
    <property name="os.name" value="Windows 10"/>
    <property name="sun.java.launcher" value="SUN_STANDARD"/>
    <property name="user.country" value="IN"/>
    <property name="sun.boot.library.path" value="C:\Users\SHYAM CA\.p2\pool\plugins\org.eclipse.justj.openjdk.hotspot.jre.full.win32.x86_64_16.0.2.v20210721-1149\jre\bin"/>
    <property name="sun.java.command" value="org.codehaus.plexus.classworlds.launcher.Launcher -B install"/>
    <property name="jdk.debug" value="release"/>
    <property name="maven.home" value="E:\CA\ComprehensiveAssessmentHybrid\EMBEDDED"/>
    <property name="sun.cpu.endian" value="little"/>
    <property name="user.home" value="C:\Users\SHYAM CA"/>
    <property name="user.language" value="en"/>
    <property name="java.specification.vendor" value="Oracle Corporation"/>
    <property name="java.version.date" value="2021-07-20"/>
    <property name="java.home" value="C:\Users\SHYAM CA\.p2\pool\plugins\org.eclipse.justj.openjdk.hotspot.jre.full.win32.x86_64_16.0.2.v20210721-1149\jre"/>
    <property name="file.separator" value="\"/>
    <property name="java.vm.compressedOopsMode" value="32-bit"/>
    <property name="line.separator" value="&#10;"/>
    <property name="java.vm.specification.vendor" value="Oracle Corporation"/>
    <property name="java.specification.name" value="Java Platform API Specification"/>
    <property name="user.script" value=""/>
    <property name="sun.management.compiler" value="HotSpot 64-Bit Tiered Compilers"/>
    <property name="java.runtime.version" value="16.0.2+7-67"/>
    <property name="user.name" value="Tanmaya"/>
    <property name="path.separator" value=";"/>
    <property name="os.version" value="10.0"/>
    <property name="java.runtime.name" value="OpenJDK Runtime Environment"/>
    <property name="file.encoding" value="Cp1252"/>
    <property name="guice.disable.misplaced.annotation.check" value="true"/>
    <property name="java.vm.name" value="OpenJDK 64-Bit Server VM"/>
    <property name="java.vendor.url.bug" value="https://bugreport.java.com/bugreport/"/>
    <property name="java.io.tmpdir" value="C:\Users\SHYAMC~1\AppData\Local\Temp\"/>
    <property name="java.version" value="16.0.2"/>
    <property name="user.dir" value="E:\CA\ComprehensiveAssessmentHybrid"/>
    <property name="os.arch" value="amd64"/>
    <property name="maven.multiModuleProjectDirectory" value="E:\CA\ComprehensiveAssessmentHybrid"/>
    <property name="java.vm.specification.name" value="Java Virtual Machine Specification"/>
    <property name="sun.os.patch.level" value=""/>
    <property name="java.library.path" value="C:\Users\SHYAM CA\.p2\pool\plugins\org.eclipse.justj.openjdk.hotspot.jre.full.win32.x86_64_16.0.2.v20210721-1149\jre\bin;C:\WINDOWS\Sun\Java\bin;C:\WINDOWS\system32;C:\WINDOWS;C:/Users/SHYAM CA/.p2/pool/plugins/org.eclipse.justj.openjdk.hotspot.jre.full.win32.x86_64_16.0.2.v20210721-1149/jre/bin/server;C:/Users/SHYAM CA/.p2/pool/plugins/org.eclipse.justj.openjdk.hotspot.jre.full.win32.x86_64_16.0.2.v20210721-1149/jre/bin;C:\Program Files\Common Files\Oracle\Java\javapath;C:\Program Files\Microsoft MPI\Bin\;C:\Program Files (x86)\Intel\Intel(R) Management Engine Components\iCLS\;C:\Program Files\Intel\iCLS Client\;C:\WINDOWS\system32;C:\WINDOWS;C:\WINDOWS\System32\Wbem;C:\WINDOWS\System32\WindowsPowerShell\v1.0\;C:\Program Files (x86)\Intel\Intel(R) Management Engine Components\DAL;C:\Program Files\Intel\Intel(R) Management Engine Components\DAL;C:\Program Files (x86)\Intel\Intel(R) Management Engine Components\IPT;C:\Program Files\Intel\Intel(R) Management Engine Components\IPT;C:\WINDOWS\System32\OpenSSH\;C:\Program Files\dotnet\;E:\Iacademia\;C:\Program Files\PuTTY\;C:\Program Files (x86)\Brackets\command;C:\Users\SHYAM CA\Downloads\maven\apache-maven-3.8.2\bin;C:\Program Files\Git\cmd;C:\Program Files (x86)\Notepad++;C:\Program Files\Perforce\;C:\Program Files (x86)\Java\jdk1.8.0_202\bin;C:\Program Files (x86)\Common Files\Oracle\Java\javapath;C:\Users\SHYAM CA\AppData\Local\Programs\Python\Python37\Scripts\;C:\Users\SHYAM CA\AppData\Local\Programs\Python\Python37\;C:\Users\SHYAM CA\AppData\Local\Microsoft\WindowsApps;C:\Users\SHYAM CA\AppData\Local\Programs\Microsoft VS Code\bin;C:\Users\SHYAM CA\.dotnet\tools;C:\Users\SHYAM CA\AppData\Roaming\npm;C:\Users\SHYAM CA\Iacademia\node js;C:\Program Files (x86)\mingw-w64\x86_64-8.1.0-posix-seh-rt_v6-rev0\mingw64\bin;C:\Users\SHYAM CA\AppData\Roaming\Microsoft\Windows\Start Menu\Programs\Python 3.9;C:\Flex Windows\gcc\bin;C:\Flex Windows\Lex\bin;C:\Flex Windows\bison\bin;C:\Apps\GnuWin32\bin;C:\Users\SHYAM CA\AppData\Local\Microsoft\WindowsApps;C:\Users\SHYAM CA\Downloads\chromedriver_win32;C:\Program Files (x86)\Java\jdk1.8.0_202\bin;;C:\Users\SHYAM CA\Desktop;;."/>
    <property name="java.vm.info" value="mixed mode"/>
    <property name="java.vendor" value="Oracle Corporation"/>
    <property name="java.vm.version" value="16.0.2+7-67"/>
    <property name="classworlds.conf" value="E:\comprehensive\.metadata\.plugins\org.eclipse.m2e.launching\launches\m2conf2109932218633681844.tmp"/>
    <property name="sun.io.unicode.encoding" value="UnicodeLittle"/>
    <property name="java.class.version" value="60.0"/>
  </properties>
  <testcase name="createAccount" classname="com.mindtree.runner.BigSmallApplication" time="33.616"/>
  <testcase name="signIN" classname="com.mindtree.runner.BigSmallApplication" time="23.653"/>
  <testcase name="CODAvailability" classname="com.mindtree.runner.BigSmallApplication" time="24.976"/>
  <testcase name="ShopByCategory" classname="com.mindtree.runner.BigSmallApplication" time="20.637"/>
  <testcase name="Giftcard" classname="com.mindtree.runner.BigSmallApplication" time="53.509"/>
  <testcase name="AddToCart" classname="com.mindtree.runner.BigSmallApplication" time="17.068"/>
  <testcase name="SearchForProduct" classname="com.mindtree.runner.BigSmallApplication" time="55.35"/>
  <testcase name="validateWhatsnewPage" classname="com.mindtree.runner.BigSmallApplication" time="18.423"/>
  <testcase name="GiftsPage" classname="com.mindtree.runner.BigSmallApplication" time="14.188"/>
  <testcase name="PersonalisedGiftsPage" classname="com.mindtree.runner.BigSmallApplication" time="35.687"/>
</testsuite>