<?xml version="1.0" encoding="UTF-8"?>
<!-- Generated by org.testng.reporters.JUnitReportReporter -->
<testsuite hostname="DESKTOP-G2UDSQ1" failures="0" tests="10" name="com.mindtree.runner.BigSmallApplication" time="280.808" errors="0" timestamp="2021-11-23T10:07:37 IST" skipped="0">
  <testcase classname="com.mindtree.runner.BigSmallApplication" name="createAccount" time="27.536"/>
  <system-out/>
  <testcase classname="com.mindtree.runner.BigSmallApplication" name="signIN" time="15.479"/>
  <system-out/>
  <testcase classname="com.mindtree.runner.BigSmallApplication" name="CODAvailability" time="20.168"/>
  <system-out/>
  <testcase classname="com.mindtree.runner.BigSmallApplication" name="ShopByCategory" time="26.648"/>
  <system-out/>
  <testcase classname="com.mindtree.runner.BigSmallApplication" name="Giftcard" time="79.930"/>
  <system-out/>
  <testcase classname="com.mindtree.runner.BigSmallApplication" name="AddToCart" time="24.929"/>
  <system-out/>
  <testcase classname="com.mindtree.runner.BigSmallApplication" name="SearchForProduct" time="27.013"/>
  <system-out/>
  <testcase classname="com.mindtree.runner.BigSmallApplication" name="validateWhatsnewPage" time="21.577"/>
  <system-out/>
  <testcase classname="com.mindtree.runner.BigSmallApplication" name="GiftsPage" time="17.181"/>
  <system-out/>
  <testcase classname="com.mindtree.runner.BigSmallApplication" name="PersonalisedGiftsPage" time="20.347"/>
  <system-out/>
</testsuite> <!-- com.mindtree.runner.BigSmallApplication -->
